[LOG]:Load BMP file red.bmp file size:174
[LOG]:jls init done img_size:3x3 scan_mode 0
[LOG]:Channel 0 scan begin

[LOG]:Channel 1 scan begin

[LOG]:Channel 2 scan begin

[LOG]:Channel 3 scan begin

[LOG]:Channel 4 scan begin

[LOG]:jls encode done
[LOG]:0:0
[LOG]:1:0
[LOG]:2:0
[LOG]:3:0
[LOG]:4:0
[LOG]:5:0
[LOG]:6:0
[LOG]:7:0
[LOG]:8:0
[LOG]:9:0
[LOG]:10:0
[LOG]:11:0
[LOG]:12:0
[LOG]:13:0
[LOG]:14:0
[LOG]:15:0
[LOG]:16:0
[LOG]:17:0
[LOG]:18:0
[LOG]:19:0
[LOG]:20:0
[LOG]:21:0
[LOG]:22:0
[LOG]:23:0
[LOG]:24:0
[LOG]:25:0
[LOG]:26:0
[LOG]:27:0
[LOG]:28:0
[LOG]:29:0
[LOG]:30:0
[LOG]:31:0
[LOG]:32:0
[LOG]:33:0
[LOG]:34:0
[LOG]:35:0
[LOG]:36:0
[LOG]:37:0
[LOG]:38:0
[LOG]:39:0
[LOG]:40:0
[LOG]:41:0
[LOG]:42:0
[LOG]:43:0
[LOG]:44:0
[LOG]:45:0
[LOG]:46:0
[LOG]:47:0
[LOG]:48:0
[LOG]:49:0
[LOG]:50:0
[LOG]:51:0
[LOG]:52:0
[LOG]:53:0
[LOG]:54:0
[LOG]:55:0
[LOG]:56:0
[LOG]:57:0
[LOG]:58:0
[LOG]:59:0
[LOG]:60:0
[LOG]:61:0
[LOG]:62:0
[LOG]:63:0
[LOG]:64:0
[LOG]:65:0
[LOG]:66:0
[LOG]:67:0
[LOG]:68:0
[LOG]:69:0
[LOG]:70:0
[LOG]:71:0
[LOG]:72:0
[LOG]:73:0
[LOG]:74:0
[LOG]:75:0
[LOG]:76:0
[LOG]:77:0
[LOG]:78:0
[LOG]:79:0
[LOG]:80:0
[LOG]:81:0
[LOG]:82:0
[LOG]:83:0
[LOG]:84:0
[LOG]:85:0
[LOG]:86:0
[LOG]:87:0
[LOG]:88:0
[LOG]:89:0
[LOG]:90:0
[LOG]:91:0
[LOG]:92:0
[LOG]:93:0
[LOG]:94:0
[LOG]:95:0
[LOG]:96:0
[LOG]:97:0
[LOG]:98:0
[LOG]:99:0
[LOG]:100:0
[LOG]:101:0
[LOG]:102:0
[LOG]:103:0
[LOG]:104:0
[LOG]:105:0
[LOG]:106:0
[LOG]:107:0
[LOG]:108:0
[LOG]:109:0
[LOG]:110:0
[LOG]:111:0
[LOG]:112:0
[LOG]:113:0
[LOG]:114:0
[LOG]:115:0
[LOG]:116:0
[LOG]:117:0
[LOG]:118:0
[LOG]:119:0
[LOG]:120:0
[LOG]:121:0
[LOG]:122:0
[LOG]:123:0
[LOG]:124:0
[LOG]:125:0
[LOG]:126:0
[LOG]:127:0
[LOG]:128:0
[LOG]:129:0
[LOG]:130:0
[LOG]:131:0
[LOG]:132:0
[LOG]:133:0
[LOG]:134:0
[LOG]:135:0
[LOG]:136:0
[LOG]:137:0
[LOG]:138:0
[LOG]:139:0
[LOG]:140:0
[LOG]:141:0
[LOG]:142:0
[LOG]:143:0
[LOG]:144:0
[LOG]:145:0
[LOG]:146:0
[LOG]:147:0
[LOG]:148:0
[LOG]:149:0
[LOG]:150:0
[LOG]:151:0
[LOG]:152:0
[LOG]:153:0
[LOG]:154:0
[LOG]:155:0
[LOG]:156:0
[LOG]:157:0
[LOG]:158:0
[LOG]:159:0
[LOG]:160:0
[LOG]:161:0
[LOG]:162:0
[LOG]:163:0
[LOG]:164:0
[LOG]:165:0
[LOG]:166:0
[LOG]:167:0
[LOG]:168:0
[LOG]:169:0
[LOG]:170:0
[LOG]:171:0
[LOG]:172:0
[LOG]:173:0
[LOG]:174:0
[LOG]:175:0
[LOG]:176:0
[LOG]:177:0
[LOG]:178:0
[LOG]:179:0
[LOG]:180:0
[LOG]:181:0
[LOG]:182:0
[LOG]:183:0
[LOG]:184:0
[LOG]:185:0
[LOG]:186:0
[LOG]:187:0
[LOG]:188:0
[LOG]:189:0
[LOG]:190:0
[LOG]:191:0
[LOG]:192:0
[LOG]:193:0
[LOG]:194:0
[LOG]:195:0
[LOG]:196:0
[LOG]:197:0
[LOG]:198:0
[LOG]:199:0
[LOG]:200:0
[LOG]:201:0
[LOG]:202:0
[LOG]:203:0
[LOG]:204:0
[LOG]:205:0
[LOG]:206:0
[LOG]:207:0
[LOG]:208:0
[LOG]:209:0
[LOG]:210:0
[LOG]:211:0
[LOG]:212:0
[LOG]:213:0
[LOG]:214:0
[LOG]:215:0
[LOG]:216:0
[LOG]:217:0
[LOG]:218:0
[LOG]:219:0
[LOG]:220:0
[LOG]:221:0
[LOG]:222:0
[LOG]:223:0
[LOG]:224:0
[LOG]:225:0
[LOG]:226:0
[LOG]:227:0
[LOG]:228:0
[LOG]:229:0
[LOG]:230:0
[LOG]:231:0
[LOG]:232:0
[LOG]:233:0
[LOG]:234:0
[LOG]:235:0
[LOG]:236:0
[LOG]:237:0
[LOG]:238:0
[LOG]:239:0
[LOG]:240:0
[LOG]:241:0
[LOG]:242:0
[LOG]:243:0
[LOG]:244:0
[LOG]:245:0
[LOG]:246:0
[LOG]:247:0
[LOG]:248:0
[LOG]:249:0
[LOG]:250:0
[LOG]:251:0
[LOG]:252:0
[LOG]:253:0
[LOG]:254:0
[LOG]:255:0
[LOG]:256:0
[LOG]:257:0
[LOG]:258:0
[LOG]:259:0
[LOG]:260:0
[LOG]:261:0
[LOG]:262:0
[LOG]:263:0
[LOG]:264:0
[LOG]:265:0
[LOG]:266:0
[LOG]:267:0
[LOG]:268:0
[LOG]:269:0
[LOG]:270:0
[LOG]:271:0
[LOG]:272:0
[LOG]:273:0
[LOG]:274:0
[LOG]:275:0
[LOG]:276:0
[LOG]:277:0
[LOG]:278:0
[LOG]:279:0
[LOG]:280:0
[LOG]:281:0
[LOG]:282:0
[LOG]:283:0
[LOG]:284:0
[LOG]:285:0
[LOG]:286:0
[LOG]:287:0
[LOG]:288:0
[LOG]:289:0
[LOG]:290:0
[LOG]:291:0
[LOG]:292:0
[LOG]:293:0
[LOG]:294:0
[LOG]:295:0
[LOG]:296:0
[LOG]:297:0
[LOG]:298:0
[LOG]:299:0
[LOG]:300:0
[LOG]:301:0
[LOG]:302:0
[LOG]:303:0
[LOG]:304:0
[LOG]:305:0
[LOG]:306:0
[LOG]:307:0
[LOG]:308:0
[LOG]:309:0
[LOG]:310:0
[LOG]:311:0
[LOG]:312:0
[LOG]:313:0
[LOG]:314:0
[LOG]:315:0
[LOG]:316:0
[LOG]:317:0
[LOG]:318:0
[LOG]:319:0
[LOG]:320:0
[LOG]:321:0
[LOG]:322:0
[LOG]:323:0
[LOG]:324:0
[LOG]:325:0
[LOG]:326:0
[LOG]:327:0
[LOG]:328:0
[LOG]:329:0
[LOG]:330:0
[LOG]:331:0
[LOG]:332:0
[LOG]:333:0
[LOG]:334:0
[LOG]:335:0
[LOG]:336:0
[LOG]:337:0
[LOG]:338:0
[LOG]:339:0
[LOG]:340:0
[LOG]:341:0
[LOG]:342:0
[LOG]:343:0
[LOG]:344:0
[LOG]:345:0
[LOG]:346:0
[LOG]:347:0
[LOG]:348:0
[LOG]:349:0
[LOG]:350:0
[LOG]:351:0
[LOG]:352:0
[LOG]:353:0
[LOG]:354:0
[LOG]:355:0
[LOG]:356:0
[LOG]:357:0
[LOG]:358:0
[LOG]:359:0
[LOG]:360:0
[LOG]:361:0
[LOG]:362:0
[LOG]:363:0
[LOG]:364:0
[LOG]:365:0
[LOG]:366:0
[LOG]:367:0
[LOG]:368:0
[LOG]:369:0
[LOG]:370:0
[LOG]:371:0
[LOG]:372:0
[LOG]:373:0
[LOG]:374:0
[LOG]:375:0
[LOG]:376:0
[LOG]:377:0
[LOG]:378:0
[LOG]:379:0
[LOG]:380:0
[LOG]:381:0
[LOG]:382:0
[LOG]:383:0
[LOG]:384:0
[LOG]:385:0
[LOG]:386:0
[LOG]:387:0
[LOG]:388:0
[LOG]:389:0
[LOG]:390:0
[LOG]:391:0
[LOG]:392:0
[LOG]:393:0
[LOG]:394:0
[LOG]:395:0
[LOG]:396:0
[LOG]:397:0
[LOG]:398:0
[LOG]:399:0
[LOG]:400:0
[LOG]:401:0
[LOG]:402:0
[LOG]:403:0
[LOG]:404:0
[LOG]:405:0
[LOG]:406:0
[LOG]:407:0
[LOG]:408:0
[LOG]:409:0
[LOG]:410:0
[LOG]:411:0
[LOG]:412:0
[LOG]:413:0
[LOG]:414:0
[LOG]:415:0
[LOG]:416:0
[LOG]:417:0
[LOG]:418:0
[LOG]:419:0
[LOG]:420:0
[LOG]:421:0
[LOG]:422:0
[LOG]:423:0
[LOG]:424:0
[LOG]:425:0
[LOG]:426:0
[LOG]:427:0
[LOG]:428:0
[LOG]:429:0
[LOG]:430:0
[LOG]:431:0
[LOG]:432:0
[LOG]:433:0
[LOG]:434:0
[LOG]:435:0
[LOG]:436:0
[LOG]:437:0
[LOG]:438:0
[LOG]:439:0
[LOG]:440:0
[LOG]:441:0
[LOG]:442:0
[LOG]:443:0
[LOG]:444:0
[LOG]:445:0
[LOG]:446:0
[LOG]:447:0
[LOG]:448:0
[LOG]:449:0
[LOG]:450:0
[LOG]:451:0
[LOG]:452:0
[LOG]:453:0
[LOG]:454:0
[LOG]:455:0
[LOG]:456:0
[LOG]:457:0
[LOG]:458:0
[LOG]:459:0
[LOG]:460:0
[LOG]:461:0
[LOG]:462:0
[LOG]:463:0
[LOG]:464:0
[LOG]:465:0
[LOG]:466:0
[LOG]:467:0
[LOG]:468:0
[LOG]:469:0
[LOG]:470:0
[LOG]:471:0
[LOG]:472:0
[LOG]:473:0
[LOG]:474:0
[LOG]:475:0
[LOG]:476:0
[LOG]:477:0
[LOG]:478:0
[LOG]:479:0
[LOG]:480:0
[LOG]:481:0
[LOG]:482:0
[LOG]:483:0
[LOG]:484:0
[LOG]:485:0
[LOG]:486:0
[LOG]:487:0
[LOG]:488:0
[LOG]:489:0
[LOG]:490:0
[LOG]:491:0
[LOG]:492:0
[LOG]:493:0
[LOG]:494:0
[LOG]:495:0
[LOG]:496:0
[LOG]:497:0
[LOG]:498:0
[LOG]:499:0
[LOG]:500:0
[LOG]:501:0
[LOG]:502:0
[LOG]:503:0
[LOG]:504:0
[LOG]:505:0
[LOG]:506:1
[LOG]:507:2
[LOG]:508:2
[LOG]:509:2
[LOG]:510:5
[LOG]:511:0
[LOG]:512:0
[LOG]:513:0
[LOG]:514:0
[LOG]:515:0
[LOG]:516:0
[LOG]:517:0
[LOG]:518:0
[LOG]:519:0
[LOG]:520:0
[LOG]:521:0
[LOG]:522:0
[LOG]:523:0
[LOG]:524:0
[LOG]:525:0
[LOG]:526:0
[LOG]:527:0
[LOG]:528:0
[LOG]:529:0
[LOG]:530:0
[LOG]:531:0
[LOG]:532:0
[LOG]:533:0
[LOG]:534:0
[LOG]:535:0
[LOG]:536:0
[LOG]:537:0
[LOG]:538:0
[LOG]:539:0
[LOG]:540:0
[LOG]:541:0
[LOG]:542:0
[LOG]:543:0
[LOG]:544:0
[LOG]:545:0
[LOG]:546:0
[LOG]:547:0
[LOG]:548:0
[LOG]:549:0
[LOG]:550:0
[LOG]:551:0
[LOG]:552:0
[LOG]:553:0
[LOG]:554:0
[LOG]:555:0
[LOG]:556:0
[LOG]:557:0
[LOG]:558:0
[LOG]:559:0
[LOG]:560:0
[LOG]:561:0
[LOG]:562:0
[LOG]:563:0
[LOG]:564:0
[LOG]:565:0
[LOG]:566:0
[LOG]:567:0
[LOG]:568:0
[LOG]:569:0
[LOG]:570:0
[LOG]:571:0
[LOG]:572:0
[LOG]:573:0
[LOG]:574:0
[LOG]:575:0
[LOG]:576:0
[LOG]:577:0
[LOG]:578:0
[LOG]:579:0
[LOG]:580:0
[LOG]:581:0
[LOG]:582:0
[LOG]:583:0
[LOG]:584:0
[LOG]:585:0
[LOG]:586:0
[LOG]:587:0
[LOG]:588:0
[LOG]:589:0
[LOG]:590:0
[LOG]:591:0
[LOG]:592:0
[LOG]:593:0
[LOG]:594:0
[LOG]:595:0
[LOG]:596:0
[LOG]:597:0
[LOG]:598:0
[LOG]:599:0
[LOG]:600:0
[LOG]:601:0
[LOG]:602:0
[LOG]:603:0
[LOG]:604:0
[LOG]:605:0
[LOG]:606:0
[LOG]:607:0
[LOG]:608:0
[LOG]:609:0
[LOG]:run length num:5  run count:6
[LOG]:jls save path:red.myjls file size:72 segment size 52
[LOG]:jls free
[LOG]:Load myjls file from red.myjls file size 72 channel count 4 golomb k 1 scan mode 0
[LOG]:Channel 0 scan begin

[LOG]:Channel 1 scan begin

[LOG]:Channel 2 scan begin

[LOG]:Channel 3 scan begin

[LOG]:Channel 4 scan begin

[LOG]:jls decode done
[LOG]:Save BMP file red_recover.bmp
[LOG]:Load BMP file red.bmp file size:174
[LOG]:Load BMP file red_recover.bmp file size:174
[LOG]:BMP info
File size:174 
Resolution: 3x3
Offset:138
Bit count:32
Compression:0
[LOG]:BMP info
File size:174 
Resolution: 3x3
Offset:138
Bit count:32
Compression:0
[LOG]:bmp1 and bmp2 are[32m equal[0m
